SF:/Users/one/src/github/browser-history/backend/src/config/env-definitions.ts
FNF:0
FNH:0
BRF:0
BRH:0
DA:12,4
DA:14,4
DA:15,4
DA:16,4
DA:17,4
DA:18,4
DA:19,4
DA:20,4
DA:21,4
DA:22,4
DA:23,4
DA:24,4
DA:25,4
DA:28,4
DA:29,4
DA:30,4
DA:31,4
DA:32,4
DA:33,4
DA:34,4
DA:35,4
DA:36,4
DA:37,4
DA:38,4
DA:39,4
DA:40,4
DA:41,4
DA:42,4
DA:43,4
DA:46,4
DA:47,4
DA:48,4
DA:49,4
DA:50,4
DA:51,4
LH:35
LF:35
end_of_record
SF:/Users/one/src/github/browser-history/backend/src/config/environment.ts
FN:18,<static_initializer>
FN:19,<instance_members_initializer>
FN:21,EnvironmentConfig
FN:28,initialize
FN:38,getInstance
FN:48,get
FN:75,getAllConfig
FN:83,logConfiguration
FN:101,loadAndValidateEnvironment
FN:132,logMissingVariables
FN:153,generateExampleEnvFile
FNDA:4,<static_initializer>
FNDA:1,<instance_members_initializer>
FNDA:1,EnvironmentConfig
FNDA:1,initialize
FNDA:6,getInstance
FNDA:4,get
FNDA:1,getAllConfig
FNDA:1,logConfiguration
FNDA:1,loadAndValidateEnvironment
FNDA:0,logMissingVariables
FNDA:0,generateExampleEnvFile
FNF:11
FNH:9
BRDA:39,5,0,0
BRDA:51,6,0,0
BRDA:58,6,1,2
BRDA:60,6,2,0
BRDA:64,6,3,0
BRDA:87,8,0,6
BRDA:90,8,1,2
BRDA:92,8,2,4
BRDA:108,9,0,6
BRDA:111,9,1,2
BRDA:113,9,2,4
BRDA:115,9,3,0
BRDA:120,9,4,0
BRF:13
BRH:7
DA:6,4
DA:17,4
DA:18,4
DA:19,4
DA:21,4
DA:22,5
DA:23,5
DA:28,4
DA:29,5
DA:30,5
DA:31,5
DA:32,5
DA:33,5
DA:38,4
DA:39,0
DA:40,0
DA:41,0
DA:42,10
DA:43,10
DA:48,4
DA:49,8
DA:50,8
DA:51,0
DA:52,0
DA:53,0
DA:55,8
DA:56,8
DA:58,8
DA:59,10
DA:60,0
DA:61,0
DA:62,0
DA:63,10
DA:64,0
DA:65,0
DA:66,0
DA:67,0
DA:68,10
DA:69,10
DA:70,8
DA:75,4
DA:76,5
DA:77,15
DA:78,5
DA:83,4
DA:84,5
DA:85,5
DA:87,5
DA:89,11
DA:90,11
DA:91,13
DA:92,11
DA:93,15
DA:94,15
DA:95,11
DA:96,5
DA:101,4
DA:102,5
DA:103,5
DA:106,5
DA:108,5
DA:109,11
DA:111,11
DA:112,13
DA:113,11
DA:114,15
DA:115,0
DA:116,0
DA:117,0
DA:118,11
DA:120,5
DA:121,0
DA:122,0
DA:123,0
DA:125,5
DA:126,5
DA:127,5
DA:132,0
DA:133,0
DA:134,0
DA:135,0
DA:136,0
DA:138,0
DA:139,0
DA:141,0
DA:142,0
DA:144,0
DA:145,0
DA:146,0
DA:147,0
DA:148,0
DA:153,0
DA:154,0
DA:155,0
DA:156,0
DA:157,0
DA:158,0
DA:161,0
DA:162,0
DA:164,0
DA:165,0
DA:166,0
DA:167,0
DA:168,0
DA:169,0
DA:170,0
DA:172,0
DA:173,0
DA:175,0
DA:176,0
DA:177,0
DA:178,0
DA:179,0
DA:180,0
DA:181,0
DA:183,0
DA:184,0
DA:185,0
DA:186,0
DA:187,0
DA:188,0
DA:190,0
DA:191,0
DA:192,0
DA:194,0
DA:195,0
DA:196,0
DA:198,0
DA:199,0
DA:201,0
DA:202,0
DA:203,4
LH:59
LF:132
end_of_record
SF:/Users/one/src/github/browser-history/backend/src/database/database.ts
FN:54,<instance_members_initializer>
FN:56,Database
FN:72,init
FN:78,createTables
FN:152,runMigrations
FN:190,registerDevice
FN:197,getDevice
FN:213,getAllDevices
FN:227,updateDeviceLastSeen
FN:233,deleteDevice
FN:239,addSyncEvent
FN:256,getSyncEvents
FN:289,upsertHistoryNode
FN:307,getHistoryNodes
FN:341,upsertPage
FN:357,getPage
FN:377,getPages
FN:400,updateSyncState
FN:407,getSyncState
FN:422,close
FNDA:4,<instance_members_initializer>
FNDA:4,Database
FNDA:4,init
FNDA:4,createTables
FNDA:4,runMigrations
FNDA:6,registerDevice
FNDA:10,getDevice
FNDA:5,getAllDevices
FNDA:2,updateDeviceLastSeen
FNDA:1,deleteDevice
FNDA:111,addSyncEvent
FNDA:13,getSyncEvents
FNDA:69,upsertHistoryNode
FNDA:17,getHistoryNodes
FNDA:4,upsertPage
FNDA:6,getPage
FNDA:2,getPages
FNDA:2,updateSyncState
FNDA:4,getSyncState
FNDA:0,close
FNF:20
FNH:19
BRDA:57,2,0,0
BRDA:62,2,1,0
BRDA:159,5,0,0
BRDA:183,5,1,0
BRDA:203,8,0,3
BRDA:203,8,1,7
BRDA:260,14,0,4
BRDA:267,14,1,9
BRDA:300,16,0,64
BRDA:303,16,1,67
BRDA:311,17,0,14
BRDA:318,17,1,3
BRDA:347,19,0,0
BRDA:348,19,1,2
BRDA:363,20,0,2
BRDA:363,20,1,4
BRDA:378,21,0,1
BRDA:413,25,0,2
BRF:18
BRH:13
DA:1,3
DA:3,3
DA:53,3
DA:54,3
DA:56,3
DA:57,0
DA:60,7
DA:61,21
DA:62,0
DA:63,0
DA:64,0
DA:65,0
DA:66,0
DA:68,7
DA:69,7
DA:70,7
DA:72,3
DA:73,7
DA:74,7
DA:75,7
DA:76,7
DA:78,3
DA:80,7
DA:87,7
DA:90,7
DA:102,7
DA:105,7
DA:118,7
DA:121,7
DA:132,7
DA:135,7
DA:142,7
DA:145,7
DA:146,7
DA:147,7
DA:148,7
DA:149,7
DA:150,7
DA:152,3
DA:154,7
DA:156,7
DA:157,7
DA:159,7
DA:160,0
DA:163,0
DA:179,0
DA:181,0
DA:182,0
DA:183,0
DA:184,0
DA:186,0
DA:187,0
DA:190,3
DA:191,9
DA:194,9
DA:195,9
DA:197,3
DA:198,13
DA:201,13
DA:203,13
DA:205,13
DA:206,20
DA:207,20
DA:208,20
DA:209,20
DA:210,20
DA:211,20
DA:213,3
DA:214,8
DA:217,8
DA:219,8
DA:220,14
DA:221,14
DA:222,14
DA:223,14
DA:224,14
DA:225,8
DA:227,3
DA:228,5
DA:230,5
DA:231,5
DA:233,3
DA:234,4
DA:235,4
DA:236,4
DA:239,3
DA:241,114
DA:244,114
DA:245,114
DA:246,114
DA:247,114
DA:248,114
DA:249,114
DA:250,114
DA:251,114
DA:252,114
DA:254,114
DA:256,3
DA:257,16
DA:258,16
DA:260,16
DA:261,20
DA:265,20
DA:266,20
DA:267,16
DA:268,25
DA:272,25
DA:273,25
DA:274,25
DA:276,16
DA:277,90
DA:278,90
DA:279,90
DA:280,90
DA:281,90
DA:282,90
DA:283,90
DA:284,90
DA:285,90
DA:286,16
DA:289,3
DA:290,72
DA:294,72
DA:295,72
DA:296,72
DA:297,72
DA:298,72
DA:299,72
DA:300,72
DA:301,72
DA:302,72
DA:303,72
DA:305,72
DA:307,3
DA:308,20
DA:309,20
DA:311,20
DA:312,34
DA:316,34
DA:317,34
DA:318,20
DA:319,23
DA:323,23
DA:324,23
DA:325,23
DA:327,20
DA:328,154
DA:329,154
DA:330,154
DA:331,154
DA:332,154
DA:333,154
DA:334,154
DA:335,154
DA:336,154
DA:337,154
DA:338,20
DA:341,3
DA:342,7
DA:345,0
DA:346,0
DA:347,0
DA:348,0
DA:349,0
DA:350,0
DA:351,0
DA:352,0
DA:353,0
DA:355,7
DA:357,3
DA:358,9
DA:361,9
DA:363,9
DA:365,9
DA:366,13
DA:367,13
DA:368,13
DA:369,13
DA:370,13
DA:371,13
DA:372,13
DA:373,13
DA:374,13
DA:375,13
DA:377,3
DA:378,5
DA:380,6
DA:381,6
DA:383,6
DA:384,6
DA:385,6
DA:387,6
DA:388,8
DA:389,8
DA:390,8
DA:391,8
DA:392,8
DA:393,8
DA:394,8
DA:395,8
DA:396,8
DA:397,6
DA:400,3
DA:401,5
DA:404,5
DA:405,5
DA:407,3
DA:408,7
DA:411,7
DA:413,7
DA:415,9
DA:416,9
DA:417,9
DA:418,9
DA:419,9
DA:420,9
DA:422,0
DA:423,0
DA:424,0
DA:425,0
LH:192
LF:220
end_of_record
SF:/Users/one/src/github/browser-history/backend/src/routes/auth.ts
FN:8,createSimpleJWT
FN:45,verifySimpleJWT
FN:95,authRoutes
FN:217,authMiddleware
FNDA:0,createSimpleJWT
FNDA:10,verifySimpleJWT
FNDA:0,authRoutes
FNDA:0,authMiddleware
FNF:4
FNH:1
BRDA:51,2,0,2
BRDA:51,2,1,8
BRDA:74,2,2,7
BRDA:77,2,3,1
BRDA:77,2,4,6
BRDA:85,2,5,1
BRDA:87,2,6,5
BRDA:90,2,7,1
BRDA:67,3,0,4
BRDA:67,3,1,10
BRDA:81,5,0,0
BRF:11
BRH:10
DA:1,1
DA:2,1
DA:5,1
DA:8,0
DA:9,0
DA:10,0
DA:12,0
DA:13,0
DA:15,0
DA:16,0
DA:17,0
DA:18,0
DA:19,0
DA:20,0
DA:22,0
DA:23,0
DA:24,0
DA:25,0
DA:26,0
DA:27,0
DA:28,0
DA:31,0
DA:32,0
DA:33,0
DA:34,0
DA:36,0
DA:37,0
DA:39,0
DA:40,0
DA:42,0
DA:43,0
DA:45,1
DA:46,1
DA:47,1
DA:49,11
DA:50,11
DA:51,11
DA:53,19
DA:54,19
DA:57,19
DA:58,19
DA:59,19
DA:60,19
DA:61,76
DA:62,19
DA:63,57
DA:66,19
DA:67,19
DA:68,19
DA:70,19
DA:71,19
DA:72,19
DA:73,19
DA:74,19
DA:77,11
DA:80,0
DA:81,0
DA:85,11
DA:86,12
DA:87,12
DA:89,16
DA:90,11
DA:91,12
DA:92,12
DA:93,11
DA:95,0
DA:96,0
DA:99,0
DA:100,0
DA:101,0
DA:102,0
DA:105,0
DA:106,0
DA:107,0
DA:108,0
DA:109,0
DA:111,0
DA:112,0
DA:113,0
DA:114,0
DA:116,0
DA:119,0
DA:120,0
DA:122,0
DA:123,0
DA:124,0
DA:125,0
DA:126,0
DA:127,0
DA:130,0
DA:131,0
DA:132,0
DA:135,0
DA:136,0
DA:137,0
DA:138,0
DA:139,0
DA:140,0
DA:141,0
DA:143,0
DA:144,0
DA:145,0
DA:146,0
DA:147,0
DA:148,0
DA:149,0
DA:150,0
DA:151,0
DA:152,0
DA:153,0
DA:154,0
DA:155,0
DA:156,0
DA:157,0
DA:158,0
DA:159,0
DA:160,0
DA:161,0
DA:162,0
DA:163,0
DA:164,0
DA:165,0
DA:166,0
DA:167,0
DA:170,0
DA:171,0
DA:172,0
DA:173,0
DA:174,0
DA:175,0
DA:176,0
DA:178,0
DA:180,0
DA:181,0
DA:183,0
DA:184,0
DA:185,0
DA:188,0
DA:189,0
DA:190,0
DA:191,0
DA:194,0
DA:197,0
DA:198,0
DA:199,0
DA:200,0
DA:201,0
DA:203,0
DA:204,0
DA:205,0
DA:206,0
DA:207,0
DA:208,0
DA:209,0
DA:210,0
DA:211,0
DA:213,0
DA:214,0
DA:217,0
DA:218,0
DA:219,0
DA:220,0
DA:221,0
DA:222,0
DA:223,0
DA:225,0
DA:227,0
DA:228,0
DA:230,0
DA:231,0
DA:232,0
DA:235,0
DA:236,0
DA:238,0
DA:239,0
DA:240,0
DA:241,0
DA:242,0
DA:243,0
LH:35
LF:179
end_of_record
